#
# A fatal error has been detected by the Java Runtime Environment:
#
#  EXCEPTION_ACCESS_VIOLATION (0xc0000005) at pc=0x0000000000477115, pid=3588, tid=2396
#
# JRE version: 7.0_02-b13
# Java VM: Java HotSpot(TM) 64-Bit Server VM (22.0-b10 mixed mode windows-amd64 compressed oops)
# Problematic frame:
# C  [librdi_common.dll+0x97115]
#
# Failed to write core dump. Minidumps are not enabled by default on client versions of Windows
#
# If you would like to submit a bug report, please visit:
#   http://bugreport.sun.com/bugreport/crash.jsp
# The crash happened outside the Java Virtual Machine in native code.
# See problematic frame for where to report the bug.
#

---------------  T H R E A D  ---------------

Current thread (0x000000001442f800):  JavaThread "AWT-EventQueue-1" [_thread_in_native, id=2396, stack(0x0000000028860000,0x0000000028b60000)]

siginfo: ExceptionCode=0xc0000005, reading address 0x000000000000007b

Registers:
RAX=0x000000002667af20, RBX=0x0000000000000053, RCX=0x0000000000000053, RDX=0x0000000028b5d380
RSP=0x0000000028b5d2d0, RBP=0x0000000028b5d520, RSI=0x00000007fa6227d0, RDI=0x0000000028b5d380
R8 =0x0000000000000003, R9 =0x0000000000000000, R10=0x0000000018373be1, R11=0x0000000000000000
R12=0x0000000000000000, R13=0x0000000028b5d5c0, R14=0x0000000028b5d510, R15=0x000000001442f800
RIP=0x0000000000477115, EFLAGS=0x0000000000010202

Top of Stack: (sp=0x0000000028b5d2d0)
0x0000000028b5d2d0:   000000077abdf3d8 000000077bdde288
0x0000000028b5d2e0:   0000000000000001 0000000000000002
0x0000000028b5d2f0:   000000001442f9d0 0000000009ca60b6
0x0000000028b5d300:   0000000000000053 0000000028b5d380
0x0000000028b5d310:   00000007f9770c38 0000000000000000
0x0000000028b5d320:   00000007f976aea8 000000001442f9d0
0x0000000028b5d330:   0000000028b5d348 0000000028b5d3c8
0x0000000028b5d340:   fffffffffffffffe 0000000009ca81a0
0x0000000028b5d350:   0000000000000000 0000000000000000
0x0000000028b5d360:   0000000028b5d3c8 0000000017f66330
0x0000000028b5d370:   0000000000000001 000000001442f9d0
0x0000000028b5d380:   000000077abd0000 fffffffffffffffe
0x0000000028b5d390:   00000007fa74a66e 0000000028b5d440
0x0000000028b5d3a0:   00000007fa74b5f0 0000000000000000
0x0000000028b5d3b0:   00000007fa74a750 0000000000000000
0x0000000028b5d3c0:   0000000028b5d380 0000000028b5d380 

Instructions: (pc=0x0000000000477115)
0x00000000004770f5:   cc cc cc cc cc cc cc cc cc cc cc 48 89 5c 24 08
0x0000000000477105:   57 48 83 ec 20 48 8b fa 48 8b d9 e8 6b ff ff ff
0x0000000000477115:   48 8b 4b 28 48 8b 53 20 4c 8b c7 4c 8b c8 48 8b
0x0000000000477125:   5c 24 30 48 83 c4 20 5f e9 ce 07 00 00 cc cc cc 


Register to memory mapping:

RAX=0x000000002667af20 is an unknown value
RBX=0x0000000000000053 is an unknown value
RCX=0x0000000000000053 is an unknown value
RDX=0x0000000028b5d380 is pointing into the stack for thread: 0x000000001442f800
RSP=0x0000000028b5d2d0 is pointing into the stack for thread: 0x000000001442f800
RBP=0x0000000028b5d520 is pointing into the stack for thread: 0x000000001442f800
RSI=0x00000007fa6227d0 is an oop
{method data} 
 - klass: {other class}
RDI=0x0000000028b5d380 is pointing into the stack for thread: 0x000000001442f800
R8 =0x0000000000000003 is an unknown value
R9 =0x0000000000000000 is an unknown value
R10=0x0000000018373a10 [CodeBlob (0x0000000018373a10)]
Framesize: 14
R11=0x0000000000000000 is an unknown value
R12=0x0000000000000000 is an unknown value
R13=0x0000000028b5d5c0 is pointing into the stack for thread: 0x000000001442f800
R14=0x0000000028b5d510 is pointing into the stack for thread: 0x000000001442f800
R15=0x000000001442f800 is a thread


Stack: [0x0000000028860000,0x0000000028b60000],  sp=0x0000000028b5d2d0,  free space=3060k
Native frames: (J=compiled Java code, j=interpreted, Vv=VM code, C=native code)
C  [librdi_common.dll+0x97115]  HI18N::convert+0x15
J  ui.c.f.f.Z.cLn()I
j  ui.views.bH.aOx()V+52
j  ui.views.bH.aB(Lui/data/aC;)V+57
j  ui.views.aM.aB(Lui/data/aC;)V+59
j  ui.views.bH.a(Lui/frmwork/r;)V+163
j  ui.views.aM.a(Lui/frmwork/r;)V+309
J  ui.frmwork.t.d(Lui/frmwork/r;)V
j  ui.data.aF.c(Lui/frmwork/r;)V+5
j  ui.data.aF.bI(Ljava/lang/Object;)V+43
j  ui.data.aF.a(Ljava/util/Iterator;Ljava/lang/Object;)V+126
j  ui.h.aP.setSelectionPaths([Ljavax/swing/tree/TreePath;)V+60
j  javax.swing.tree.DefaultTreeSelectionModel.setSelectionPath(Ljavax/swing/tree/TreePath;)V+23
j  javax.swing.JTree.setSelectionPath(Ljavax/swing/tree/TreePath;)V+5
j  javax.swing.plaf.basic.BasicTreeUI.selectPathForEvent(Ljavax/swing/tree/TreePath;Ljava/awt/event/MouseEvent;)V+266
j  javax.swing.plaf.basic.BasicTreeUI$Handler.handleSelection(Ljava/awt/event/MouseEvent;)V+132
j  javax.swing.plaf.basic.BasicTreeUI$Handler.mousePressedDND(Ljava/awt/event/MouseEvent;)V+127
j  javax.swing.plaf.basic.BasicTreeUI$Handler.mousePressed(Ljava/awt/event/MouseEvent;)V+111
j  java.awt.AWTEventMulticaster.mousePressed(Ljava/awt/event/MouseEvent;)V+8
j  java.awt.AWTEventMulticaster.mousePressed(Ljava/awt/event/MouseEvent;)V+8
J  java.awt.Component.processMouseEvent(Ljava/awt/event/MouseEvent;)V

Java frames: (J=compiled Java code, j=interpreted, Vv=VM code)
J  ui.data.design.dai.HDDASrcFileType_getPrettyName(J)Ljava/lang/String;
J  ui.c.f.f.Z.cLn()I
j  ui.views.bH.avI()V+88
j  ui.views.bH.aOx()V+52
j  ui.views.bH.aB(Lui/data/aC;)V+57
j  ui.views.aM.aB(Lui/data/aC;)V+59
j  ui.views.bH.a(Lui/frmwork/r;)V+163
j  ui.views.aM.a(Lui/frmwork/r;)V+309
J  ui.frmwork.t.d(Lui/frmwork/r;)V
j  ui.frmwork.t.b(Lui/frmwork/r;)V+8
j  ui.data.aF.c(Lui/frmwork/r;)V+5
j  ui.data.aF.bI(Ljava/lang/Object;)V+43
j  ui.data.aF.a(Ljava/util/Iterator;Ljava/lang/Object;)V+126
j  ui.h.aP.setSelectionPaths([Ljavax/swing/tree/TreePath;)V+60
j  javax.swing.tree.DefaultTreeSelectionModel.setSelectionPath(Ljavax/swing/tree/TreePath;)V+23
j  javax.swing.JTree.setSelectionPath(Ljavax/swing/tree/TreePath;)V+5
j  javax.swing.plaf.basic.BasicTreeUI.selectPathForEvent(Ljavax/swing/tree/TreePath;Ljava/awt/event/MouseEvent;)V+266
j  javax.swing.plaf.basic.BasicTreeUI$Handler.handleSelection(Ljava/awt/event/MouseEvent;)V+132
j  javax.swing.plaf.basic.BasicTreeUI$Handler.mousePressedDND(Ljava/awt/event/MouseEvent;)V+127
j  javax.swing.plaf.basic.BasicTreeUI$Handler.mousePressed(Ljava/awt/event/MouseEvent;)V+111
j  java.awt.AWTEventMulticaster.mousePressed(Ljava/awt/event/MouseEvent;)V+8
j  java.awt.AWTEventMulticaster.mousePressed(Ljava/awt/event/MouseEvent;)V+8
J  java.awt.Component.processMouseEvent(Ljava/awt/event/MouseEvent;)V
J  javax.swing.JComponent.processMouseEvent(Ljava/awt/event/MouseEvent;)V
j  ui.h.h.cR.processMouseEvent(Ljava/awt/event/MouseEvent;)V+7
J  java.awt.Component.processEvent(Ljava/awt/AWTEvent;)V
J  java.awt.Container.processEvent(Ljava/awt/AWTEvent;)V
J  java.awt.Component.dispatchEventImpl(Ljava/awt/AWTEvent;)V
J  java.awt.Container.dispatchEventImpl(Ljava/awt/AWTEvent;)V
J  java.awt.LightweightDispatcher.retargetMouseEvent(Ljava/awt/Component;ILjava/awt/event/MouseEvent;)V
J  java.awt.LightweightDispatcher.processMouseEvent(Ljava/awt/event/MouseEvent;)Z
J  java.awt.LightweightDispatcher.dispatchEvent(Ljava/awt/AWTEvent;)Z
J  java.awt.Container.dispatchEventImpl(Ljava/awt/AWTEvent;)V
J  java.awt.Window.dispatchEventImpl(Ljava/awt/AWTEvent;)V
J  java.awt.EventQueue$3.run()Ljava/lang/Object;
v  ~StubRoutines::call_stub
J  java.security.AccessController.doPrivileged(Ljava/security/PrivilegedAction;Ljava/security/AccessControlContext;)Ljava/lang/Object;
J  java.security.ProtectionDomain$1.doIntersectionPrivilege(Ljava/security/PrivilegedAction;Ljava/security/AccessControlContext;Ljava/security/AccessControlContext;)Ljava/lang/Object;
J  java.awt.EventQueue$4.run()Ljava/lang/Object;
v  ~StubRoutines::call_stub
J  java.security.AccessController.doPrivileged(Ljava/security/PrivilegedAction;Ljava/security/AccessControlContext;)Ljava/lang/Object;
J  java.awt.EventQueue.dispatchEvent(Ljava/awt/AWTEvent;)V
J  java.awt.EventDispatchThread.pumpOneEventForFilters(I)Z
J  java.awt.EventDispatchThread.pumpEventsForFilter(ILjava/awt/Conditional;Ljava/awt/EventFilter;)V
j  java.awt.EventDispatchThread.pumpEventsForHierarchy(ILjava/awt/Conditional;Ljava/awt/Component;)V+11
j  java.awt.EventDispatchThread.pumpEvents(ILjava/awt/Conditional;)V+4
j  java.awt.EventDispatchThread.pumpEvents(Ljava/awt/Conditional;)V+3
j  java.awt.EventDispatchThread.run()V+9
v  ~StubRoutines::call_stub

---------------  P R O C E S S  ---------------

Java Threads: ( => current thread )
  0x000000002b38b000 JavaThread "Image Fetcher 0" daemon [_thread_blocked, id=2400, stack(0x000000002f840000,0x000000002fb40000)]
  0x000000002e85d800 JavaThread "Swing-Shell" daemon [_thread_blocked, id=4764, stack(0x0000000031f40000,0x0000000032240000)]
  0x0000000030363800 JavaThread "Monitor File Timestamp" [_thread_blocked, id=4480, stack(0x0000000031b40000,0x0000000031e40000)]
  0x00000000303d9800 JavaThread "Monitor File Timestamp" [_thread_blocked, id=4988, stack(0x0000000030940000,0x0000000030c40000)]
  0x000000002adfd000 JavaThread "hw_ila_monitor" [_thread_blocked, id=3000, stack(0x000000002fc40000,0x000000002ff40000)]
  0x000000002acc7800 JavaThread "Update Runs" [_thread_blocked, id=2360, stack(0x0000000027560000,0x0000000027860000)]
  0x000000002accd800 JavaThread "Refresh Filesets" [_thread_blocked, id=4140, stack(0x0000000027260000,0x0000000027560000)]
  0x000000002b0f5000 JavaThread "Monitor File Timestamp" [_thread_blocked, id=4208, stack(0x000000002b500000,0x000000002b800000)]
  0x000000001442e800 JavaThread "Process Messages" [_thread_blocked, id=4684, stack(0x0000000028b60000,0x0000000028e60000)]
=>0x000000001442f800 JavaThread "AWT-EventQueue-1" [_thread_in_native, id=2396, stack(0x0000000028860000,0x0000000028b60000)]
  0x0000000005f86000 JavaThread "Thread-3" [_thread_in_native, id=4624, stack(0x0000000004070000,0x0000000005470000)]
  0x00000000280af800 JavaThread "AWT-EventQueue-0" [_thread_blocked, id=4676, stack(0x0000000028560000,0x0000000028860000)]
  0x0000000025535800 JavaThread "AWT-Windows" daemon [_thread_in_native, id=1800, stack(0x0000000026d00000,0x0000000027000000)]
  0x000000002553b800 JavaThread "AWT-Shutdown" [_thread_blocked, id=3748, stack(0x0000000026a00000,0x0000000026d00000)]
  0x0000000025530800 JavaThread "Java2D Disposer" daemon [_thread_blocked, id=3796, stack(0x0000000026700000,0x0000000026a00000)]
  0x0000000025421800 JavaThread "TimerQueue" daemon [_thread_blocked, id=2520, stack(0x0000000026300000,0x0000000026600000)]
  0x0000000014641800 JavaThread "Service Thread" daemon [_thread_blocked, id=4168, stack(0x0000000024d20000,0x0000000025020000)]
  0x00000000144e1000 JavaThread "C1 CompilerThread2" daemon [_thread_blocked, id=4760, stack(0x0000000024c20000,0x0000000024d20000)]
  0x0000000014740800 JavaThread "C2 CompilerThread1" daemon [_thread_blocked, id=4360, stack(0x0000000024b20000,0x0000000024c20000)]
  0x0000000023871000 JavaThread "C2 CompilerThread0" daemon [_thread_blocked, id=120, stack(0x0000000024a20000,0x0000000024b20000)]
  0x0000000014761000 JavaThread "Attach Listener" daemon [_thread_blocked, id=4948, stack(0x0000000024720000,0x0000000024a20000)]
  0x0000000014751800 JavaThread "Signal Dispatcher" daemon [_thread_blocked, id=1056, stack(0x0000000024420000,0x0000000024720000)]
  0x0000000014732800 JavaThread "Surrogate Locker Thread (Concurrent GC)" daemon [_thread_blocked, id=3100, stack(0x0000000024120000,0x0000000024420000)]
  0x0000000014721800 JavaThread "Finalizer" daemon [_thread_blocked, id=4532, stack(0x0000000023e20000,0x0000000024120000)]
  0x00000000146f1800 JavaThread "Reference Handler" daemon [_thread_blocked, id=4364, stack(0x0000000023b20000,0x0000000023e20000)]
  0x00000000144ec000 JavaThread "main" [_thread_blocked, id=4516, stack(0x0000000017e40000,0x0000000017f40000)]

Other Threads:
  0x00000000146e3800 VMThread [stack: 0x0000000023920000,0x0000000023a20000] [id=4524]
  0x0000000023a77800 WatcherThread [stack: 0x0000000025020000,0x0000000025120000] [id=4996]

VM state:not at safepoint (normal execution)

VM Mutex/Monitor currently owned by a thread: None

Heap
 par new generation   total 55296K, used 49836K [0x0000000778000000, 0x000000077bc00000, 0x000000077bc00000)
  eden space 49152K,  92% used [0x0000000778000000, 0x000000077ac45448, 0x000000077b000000)
  from space 6144K,  73% used [0x000000077b000000, 0x000000077b465c28, 0x000000077b600000)
  to   space 6144K,   0% used [0x000000077b600000, 0x000000077b600000, 0x000000077bc00000)
 concurrent mark-sweep generation total 69632K, used 38144K [0x000000077bc00000, 0x0000000780000000, 0x00000007f8000000)
 concurrent-mark-sweep perm gen total 131072K, used 44415K [0x00000007f8000000, 0x0000000800000000, 0x0000000800000000)

Code Cache  [0x0000000017f60000, 0x00000000198a0000, 0x000000001df60000)
 total_blobs=7165 nmethods=6503 adapters=574 free_code_cache=72724Kb largest_free_block=74196032

Dynamic libraries:
0x0000000140000000 - 0x000000014000e000 	C:\Xilinx\14.1\ISE_DS\PlanAhead\bin\unwrapped\win64.o\planAhead.exe
0x00000000774e0000 - 0x0000000077689000 	C:\Windows\SYSTEM32\ntdll.dll
0x0000000077260000 - 0x000000007737f000 	C:\Windows\system32\kernel32.dll
0x000007fefdca0000 - 0x000007fefdd0b000 	C:\Windows\system32\KERNELBASE.dll
0x000000000a900000 - 0x000000000a945000 	C:\Xilinx\14.1\ISE_DS\PlanAhead\lib\win64.o\SHSMP64.dll
0x0000000077010000 - 0x000000007710a000 	C:\Windows\system32\USER32.dll
0x000007feff670000 - 0x000007feff6d7000 	C:\Windows\system32\GDI32.dll
0x000007feff5a0000 - 0x000007feff5ae000 	C:\Windows\system32\LPK.dll
0x000007feff200000 - 0x000007feff2c9000 	C:\Windows\system32\USP10.dll
0x000007feff160000 - 0x000007feff1ff000 	C:\Windows\system32\msvcrt.dll
0x000007feff6e0000 - 0x000007feff7bb000 	C:\Windows\system32\ADVAPI32.dll
0x000007fefefb0000 - 0x000007fefefcf000 	C:\Windows\SYSTEM32\sechost.dll
0x000007fefee00000 - 0x000007fefef2d000 	C:\Windows\system32\RPCRT4.dll
0x000007fefca40000 - 0x000007fefca4c000 	C:\Windows\system32\VERSION.dll
0x0000000180000000 - 0x0000000180011000 	C:\Xilinx\14.1\ISE_DS\PlanAhead\lib\win64.o\libboost_signals.dll
0x00000000002e0000 - 0x00000000003ce000 	C:\Xilinx\14.1\ISE_DS\PlanAhead\lib\win64.o\stlport.5.2.dll
0x0000000073560000 - 0x0000000073633000 	C:\Windows\WinSxS\amd64_microsoft.vc90.crt_1fc8b3b9a1e18e3b_9.0.30729.6161_none_08e61857a83bc251\MSVCP90.dll
0x00000000734b0000 - 0x0000000073553000 	C:\Windows\WinSxS\amd64_microsoft.vc90.crt_1fc8b3b9a1e18e3b_9.0.30729.6161_none_08e61857a83bc251\MSVCR90.dll
0x00000000003e0000 - 0x0000000000b0b000 	C:\Xilinx\14.1\ISE_DS\PlanAhead\lib\win64.o\librdi_common.dll
0x0000000000b20000 - 0x0000000000cc5000 	C:\Xilinx\14.1\ISE_DS\PlanAhead\lib\win64.o\libSecurity.dll
0x000007fefafe0000 - 0x000007fefaff6000 	C:\Windows\system32\NETAPI32.dll
0x000007fefcdb0000 - 0x000007fefcdbc000 	C:\Windows\system32\netutils.dll
0x000007fefd3e0000 - 0x000007fefd403000 	C:\Windows\system32\srvcli.dll
0x000007fefafc0000 - 0x000007fefafd5000 	C:\Windows\system32\wkscli.dll
0x000007feff500000 - 0x000007feff597000 	C:\Windows\system32\COMDLG32.dll
0x000007fefefd0000 - 0x000007feff041000 	C:\Windows\system32\SHLWAPI.dll
0x000007fef1ec0000 - 0x000007fef1f60000 	C:\Windows\WinSxS\amd64_microsoft.windows.common-controls_6595b64144ccf1df_5.82.7601.17514_none_a4d6a923711520a9\COMCTL32.dll
0x000007fefdd10000 - 0x000007fefea98000 	C:\Windows\system32\SHELL32.dll
0x000007fefa730000 - 0x000007fefa739000 	C:\Windows\system32\WSOCK32.dll
0x000007feff4b0000 - 0x000007feff4fd000 	C:\Windows\system32\WS2_32.dll
0x000007fefedf0000 - 0x000007fefedf8000 	C:\Windows\system32\NSI.dll
0x0000000000ce0000 - 0x0000000000cef000 	C:\Xilinx\14.1\ISE_DS\PlanAhead\lib\win64.o\libboost_date_time.dll
0x0000000000d00000 - 0x0000000000d22000 	C:\Xilinx\14.1\ISE_DS\PlanAhead\lib\win64.o\libboost_filesystem3.dll
0x0000000000d40000 - 0x0000000000d49000 	C:\Xilinx\14.1\ISE_DS\PlanAhead\lib\win64.o\libboost_system.dll
0x0000000000d60000 - 0x0000000000db6000 	C:\Xilinx\14.1\ISE_DS\PlanAhead\lib\win64.o\libboost_program_options.dll
0x0000000000dd0000 - 0x0000000000e5f000 	C:\Xilinx\14.1\ISE_DS\PlanAhead\lib\win64.o\libboost_regex.dll
0x0000000000e70000 - 0x0000000000e81000 	C:\Xilinx\14.1\ISE_DS\PlanAhead\lib\win64.o\libboost_thread.dll
0x0000000000ea0000 - 0x0000000000f32000 	C:\Xilinx\14.1\ISE_DS\PlanAhead\lib\win64.o\libhdlpsolve.dll
0x0000000000f50000 - 0x0000000001007000 	C:\Xilinx\14.1\ISE_DS\PlanAhead\lib\win64.o\libhdxml.dll
0x0000000001020000 - 0x0000000001a30a9b 	C:\Xilinx\14.1\ISE_DS\PlanAhead\lib\win64.o\libisl_iostreams.dll
0x0000000001a50000 - 0x0000000001a66000 	C:\Xilinx\14.1\ISE_DS\PlanAhead\lib\win64.o\libboost_iostreams.dll
0x0000000001a80000 - 0x0000000001a9e000 	C:\Xilinx\14.1\ISE_DS\PlanAhead\lib\win64.o\librdizlib.dll
0x0000000001ab0000 - 0x0000000001ad7000 	C:\Xilinx\14.1\ISE_DS\PlanAhead\lib\win64.o\libisl_sysinfo.dll
0x0000000064610000 - 0x0000000064cea000 	C:\Xilinx\14.1\ISE_DS\PlanAhead\tps\win64\jre\bin\server\jvm.dll
0x000007fefb5f0000 - 0x000007fefb62b000 	C:\Windows\system32\WINMM.dll
0x00000000776b0000 - 0x00000000776b7000 	C:\Windows\system32\PSAPI.DLL
0x00000000733d0000 - 0x00000000734a2000 	C:\Windows\system32\MSVCR100.dll
0x0000000001b00000 - 0x0000000001b12000 	C:\Xilinx\14.1\ISE_DS\PlanAhead\lib\win64.o\pthreadVC.dll
0x0000000001b20000 - 0x0000000001b36000 	C:\Xilinx\14.1\ISE_DS\PlanAhead\lib\win64.o\librdiconfig.dll
0x0000000010000000 - 0x0000000010172000 	C:\Xilinx\14.1\ISE_DS\PlanAhead\lib\win64.o\tcl85t.dll
0x0000000070540000 - 0x0000000070609000 	C:\Windows\WinSxS\amd64_microsoft.vc80.crt_1fc8b3b9a1e18e3b_8.0.50727.6195_none_88e41e092fab0294\MSVCR80.dll
0x0000000012000000 - 0x0000000012282000 	C:\Xilinx\14.1\ISE_DS\PlanAhead\lib\win64.o\xerces-c_3_1.dll
0x0000000077380000 - 0x00000000774db000 	C:\Windows\system32\WININET.dll
0x00000000776a0000 - 0x00000000776a3000 	C:\Windows\system32\Normaliz.dll
0x0000000076e00000 - 0x0000000077010000 	C:\Windows\system32\iertutil.dll
0x0000000077110000 - 0x000000007725d000 	C:\Windows\system32\urlmon.dll
0x000007fefeaa0000 - 0x000007fefeca3000 	C:\Windows\system32\ole32.dll
0x000007fefed10000 - 0x000007fefede7000 	C:\Windows\system32\OLEAUT32.dll
0x000007fef9f00000 - 0x000007fef9f71000 	C:\Windows\system32\WINHTTP.dll
0x000007fef9e50000 - 0x000007fef9eb4000 	C:\Windows\system32\webio.dll
0x0000000001b70000 - 0x0000000001b82000 	C:\Xilinx\14.1\ISE_DS\PlanAhead\lib\win64.o\librdi_commonmain.dll
0x000007feff7c0000 - 0x000007feff7ee000 	C:\Windows\system32\IMM32.DLL
0x000007feff050000 - 0x000007feff159000 	C:\Windows\system32\MSCTF.dll
0x0000000005470000 - 0x0000000005702000 	C:\Xilinx\14.1\ISE_DS\PlanAhead\lib\win64.o\librdi_commontasks.dll
0x00000000062c0000 - 0x0000000006647000 	C:\Xilinx\14.1\ISE_DS\PlanAhead\lib\win64.o\librdi_coretasks.dll
0x0000000006650000 - 0x00000000067bd000 	C:\Xilinx\14.1\ISE_DS\PlanAhead\lib\win64.o\librdi_chipscope.dll
0x00000000067c0000 - 0x0000000007687000 	C:\Xilinx\14.1\ISE_DS\PlanAhead\lib\win64.o\librdi_constraints.dll
0x0000000003470000 - 0x0000000003478000 	C:\Xilinx\14.1\ISE_DS\PlanAhead\lib\win64.o\libpsta_dllwrapper.dll
0x0000000007690000 - 0x0000000007fbf000 	C:\Xilinx\14.1\ISE_DS\PlanAhead\lib\win64.o\librdi_device.dll
0x0000000003830000 - 0x000000000389b000 	C:\Xilinx\14.1\ISE_DS\PlanAhead\lib\win64.o\libboost_serialization.dll
0x0000000007fc0000 - 0x0000000008761000 	C:\Xilinx\14.1\ISE_DS\PlanAhead\lib\win64.o\libverific.dll
0x0000000008770000 - 0x0000000008b05000 	C:\Xilinx\14.1\ISE_DS\PlanAhead\lib\win64.o\librdi_netlist.dll
0x000000000a950000 - 0x000000000df0d000 	C:\Xilinx\14.1\ISE_DS\PlanAhead\lib\win64.o\librdi_designutils.dll
0x0000000008b10000 - 0x0000000009021000 	C:\Xilinx\14.1\ISE_DS\PlanAhead\lib\win64.o\librdi_xdm.dll
0x0000000009030000 - 0x00000000092bd000 	C:\Xilinx\14.1\ISE_DS\PlanAhead\lib\win64.o\librdi_drc.dll
0x00000000092c0000 - 0x0000000009b14000 	C:\Xilinx\14.1\ISE_DS\PlanAhead\lib\win64.o\librdi_timing.dll
0x0000000009b20000 - 0x0000000009c30000 	C:\Xilinx\14.1\ISE_DS\PlanAhead\lib\win64.o\librdi_dlyest.dll
0x0000000003ad0000 - 0x0000000003b60000 	C:\Xilinx\14.1\ISE_DS\PlanAhead\lib\win64.o\libise.dll
0x0000000009c40000 - 0x0000000009e94000 	C:\Xilinx\14.1\ISE_DS\PlanAhead\lib\win64.o\librdi_filemgmt.dll
0x0000000009eb0000 - 0x0000000009f1a000 	C:\Xilinx\14.1\ISE_DS\PlanAhead\lib\win64.o\liblmx.dll
0x000000000df10000 - 0x000000000ef7e000 	C:\Xilinx\14.1\ISE_DS\PlanAhead\lib\win64.o\librdi_place.dll
0x0000000009f40000 - 0x000000000a51c000 	C:\Xilinx\14.1\ISE_DS\PlanAhead\lib\win64.o\librdi_abc_nomp.dll
0x000000000a530000 - 0x000000000a54a000 	C:\Xilinx\14.1\ISE_DS\PlanAhead\lib\win64.o\librdi_hmetis.dll
0x000000000a560000 - 0x000000000a8e7000 	C:\Xilinx\14.1\ISE_DS\PlanAhead\lib\win64.o\librdi_power.dll
0x000000000ef80000 - 0x000000000f3bb000 	C:\Xilinx\14.1\ISE_DS\PlanAhead\lib\win64.o\librdi_route.dll
0x000000000f3d0000 - 0x000000000f71c000 	C:\Xilinx\14.1\ISE_DS\PlanAhead\lib\win64.o\librdi_project.dll
0x0000000010180000 - 0x0000000010fcb000 	C:\Xilinx\14.1\ISE_DS\PlanAhead\lib\win64.o\librdi_coregen.dll
0x000000000f740000 - 0x000000000f7ae000 	C:\Xilinx\14.1\ISE_DS\PlanAhead\lib\win64.o\liblmx6.0.dll
0x000000000f7c0000 - 0x000000000ff6d000 	C:\Xilinx\14.1\ISE_DS\PlanAhead\lib\win64.o\librdi_coregenipxact.dll
0x0000000010fd0000 - 0x0000000011531000 	C:\Xilinx\14.1\ISE_DS\PlanAhead\lib\win64.o\librdi_memdata.dll
0x0000000011540000 - 0x000000001195d000 	C:\Xilinx\14.1\ISE_DS\PlanAhead\lib\win64.o\librdi_rsb.dll
0x0000000011960000 - 0x0000000011bf9000 	C:\Xilinx\14.1\ISE_DS\PlanAhead\lib\win64.o\librdi_runs.dll
0x0000000012290000 - 0x000000001387d000 	C:\Xilinx\14.1\ISE_DS\PlanAhead\lib\win64.o\librdi_synth.dll
0x000000000ffc0000 - 0x000000000ffe0000 	C:\Xilinx\14.1\ISE_DS\PlanAhead\lib\win64.o\librdi_ip.dll
0x0000000014780000 - 0x000000001672c000 	C:\Xilinx\14.1\ISE_DS\PlanAhead\lib\win64.o\librdi_tcltasks.dll
0x0000000016730000 - 0x000000001695d000 	C:\Xilinx\14.1\ISE_DS\PlanAhead\lib\win64.o\librdi_bitstream.dll
0x0000000016970000 - 0x00000000169a3000 	C:\Xilinx\14.1\ISE_DS\PlanAhead\lib\win64.o\librdi_dsp.dll
0x00000000169c0000 - 0x0000000016a2c000 	C:\Xilinx\14.1\ISE_DS\PlanAhead\lib\win64.o\librdi_edk.dll
0x0000000016a40000 - 0x0000000016ad1000 	C:\Xilinx\14.1\ISE_DS\PlanAhead\lib\win64.o\librdi_simdata.dll
0x0000000016af0000 - 0x0000000016f64000 	C:\Xilinx\14.1\ISE_DS\PlanAhead\lib\win64.o\librdi_wavedata.dll
0x0000000016f80000 - 0x00000000179c4000 	C:\Xilinx\14.1\ISE_DS\PlanAhead\lib\win64.o\librdi_coregentasks.dll
0x0000000017ce0000 - 0x0000000017e2c000 	C:\Xilinx\14.1\ISE_DS\PlanAhead\lib\win64.o\librdi_planaheadtasks.dll
0x0000000074be0000 - 0x0000000074bef000 	C:\Xilinx\14.1\ISE_DS\PlanAhead\tps\win64\jre\bin\verify.dll
0x0000000074bb0000 - 0x0000000074bd8000 	C:\Xilinx\14.1\ISE_DS\PlanAhead\tps\win64\jre\bin\java.dll
0x0000000074b90000 - 0x0000000074ba5000 	C:\Xilinx\14.1\ISE_DS\PlanAhead\tps\win64\jre\bin\zip.dll
0x0000000074b70000 - 0x0000000074b89000 	C:\Xilinx\14.1\ISE_DS\PlanAhead\tps\win64\jre\bin\net.dll
0x000007fefd170000 - 0x000007fefd1c5000 	C:\Windows\system32\mswsock.dll
0x000007fefd160000 - 0x000007fefd167000 	C:\Windows\System32\wship6.dll
0x0000000074b50000 - 0x0000000074b61000 	C:\Xilinx\14.1\ISE_DS\PlanAhead\tps\win64\jre\bin\nio.dll
0x00000000255c0000 - 0x00000000257f8000 	C:\Xilinx\14.1\ISE_DS\PlanAhead\lib\win64.o\librdi_fed.dll
0x0000000025810000 - 0x00000000259aa000 	C:\Xilinx\14.1\ISE_DS\PlanAhead\lib\win64.o\librdi_labtools.dll
0x00000000259c0000 - 0x0000000025acd000 	C:\Xilinx\14.1\ISE_DS\PlanAhead\lib\win64.o\librdi_guitools.dll
0x0000000025ae0000 - 0x0000000025ae7000 	C:\Xilinx\14.1\ISE_DS\PlanAhead\lib\win64.o\librdi_commonx11.dll
0x0000000025b00000 - 0x0000000025e3c000 	C:\Xilinx\14.1\ISE_DS\PlanAhead\lib\win64.o\librdi_rsbtasks.dll
0x0000000025e50000 - 0x0000000026093000 	C:\Xilinx\14.1\ISE_DS\PlanAhead\lib\win64.o\librdi_labtoolstasks.dll
0x00000000260b0000 - 0x0000000026207000 	C:\Xilinx\14.1\ISE_DS\PlanAhead\lib\win64.o\librdi_simtcltasks.dll
0x00000000682a0000 - 0x0000000068434000 	C:\Xilinx\14.1\ISE_DS\PlanAhead\tps\win64\jre\bin\awt.dll
0x000007fefc090000 - 0x000007fefc0e6000 	C:\Windows\system32\uxtheme.dll
0x000007fefbbe0000 - 0x000007fefbbf8000 	C:\Windows\system32\dwmapi.dll
0x000007fefd830000 - 0x000007fefd83f000 	C:\Windows\system32\CRYPTBASE.dll
0x000007fefd1d0000 - 0x000007fefd1e7000 	C:\Windows\system32\CRYPTSP.dll
0x000007fefced0000 - 0x000007fefcf17000 	C:\Windows\system32\rsaenh.dll
0x000007fefcc30000 - 0x000007fefcc4e000 	C:\Windows\system32\USERENV.dll
0x000007fefd940000 - 0x000007fefd94f000 	C:\Windows\system32\profapi.dll
0x000007fefb8e0000 - 0x000007fefb8f5000 	C:\Windows\system32\NLAapi.dll
0x000007fefa660000 - 0x000007fefa675000 	C:\Windows\system32\napinsp.dll
0x000007fefa680000 - 0x000007fefa699000 	C:\Windows\system32\pnrpnsp.dll
0x000007fefcff0000 - 0x000007fefd04b000 	C:\Windows\system32\DNSAPI.dll

VM Arguments:
jvm_args: -Dsun.java2d.pmoffscreen=false -Xverify:none -Dswing.aatext=true -XX:-UsePerfData -XX:PermSize=128m -XX:MaxPermSize=128m -XX:NewSize=60m -XX:MaxNewSize=60m -XX:+UseConcMarkSweepGC -XX:+UseParNewGC -XX:+CMSParallelRemarkEnabled -XX:+CMSScavengeBeforeRemark -XX:+UseNUMA -XX:+AggressiveOpts -XX:+UseFastAccessorMethods -XX:+UseFastEmptyMethods -XX:+UseBiasedLocking -XX:+TieredCompilation -Xms128m -Xmx2048m -Xss3m 
java_command: <unknown>
Launcher Type: generic

Environment Variables:
PATH=C:/Xilinx/14.1/ISE_DS/PlanAhead/bin;C:/Xilinx/14.1/ISE_DS/PlanAhead/lib/win64.o;C:/Xilinx/14.1/ISE_DS/PlanAhead/tps/win64/jre/bin/server;C:/Xilinx/14.1/ISE_DS/PlanAhead/tps/win64/jre/bin;C:/Xilinx/14.1/ISE_DS/EDK/bin/nt64;C:/Xilinx/14.1/ISE_DS/EDK/lib/nt64;C:/Xilinx/14.1/ISE_DS/ISE/bin/nt64;C:/Xilinx/14.1/ISE_DS/ISE/lib/nt64;C:/Xilinx/14.1/ISE_DS/common/bin/nt64;C:/Xilinx/14.1/ISE_DS/common/lib/nt64;C:\ProgramData\Oracle\Java\javapath;C:\Program Files\Common Files\Microsoft Shared\Windows Live;C:\Program Files (x86)\Common Files\Microsoft Shared\Windows Live;C:\Program Files (x86)\SPSSInc\PASWModeler13\bin\;C:\Program Files (x86)\Haskell Platform\2011.4.0.0\lib\extralibs\bin;C:\Program Files (x86)\Haskell Platform\2011.4.0.0\bin;C:\Windows\system32;C:\Windows;C:\Windows\System32\Wbem;C:\Windows\System32\WindowsPowerShell\v1.0\;C:\Program Files\Intel\DMIX;C:\Program Files (x86)\Windows Live\Shared;C:\Program Files\MATLAB\R2010a\runtime\win64;C:\Program Files\MATLAB\R2010a\bin;C:\Program Files (x86)\Git\cmd;C:\Program Files (x86)\WinSCP\;C:\texlive\2012\bin\win32;C:\Program Files\TortoiseSVN\bin;C:\Program Files (x86)\MATLAB\MATLAB Compiler Runtime\v715\runtime\win32
USERNAME=azure
OS=Windows_NT
PROCESSOR_IDENTIFIER=Intel64 Family 6 Model 42 Stepping 7, GenuineIntel



---------------  S Y S T E M  ---------------

OS: Windows 7 , 64 bit Build 7601 Service Pack 1

CPU:total 4 (4 cores per cpu, 1 threads per core) family 6 model 42 stepping 7, cmov, cx8, fxsr, mmx, sse, sse2, sse3, ssse3, sse4.1, sse4.2, popcnt

Memory: 4k page, physical 8293800k(5886240k free), swap 16585744k(13791908k free)

vm_info: Java HotSpot(TM) 64-Bit Server VM (22.0-b10) for windows-amd64 JRE (1.7.0_02-b13), built on Nov 17 2011 13:51:15 by "java_re" with unknown MS VC++:1600

time: Fri Jun 24 11:11:55 2016
elapsed time: 112 seconds

