#
# A fatal error has been detected by the Java Runtime Environment:
#
#  EXCEPTION_ACCESS_VIOLATION (0xc0000005) at pc=0x0000000009d66be0, pid=2556, tid=4212
#
# JRE version: 7.0_02-b13
# Java VM: Java HotSpot(TM) 64-Bit Server VM (22.0-b10 mixed mode windows-amd64 compressed oops)
# Problematic frame:
# C  [librdi_filemgmt.dll+0x26be0]
#
# Failed to write core dump. Minidumps are not enabled by default on client versions of Windows
#
# If you would like to submit a bug report, please visit:
#   http://bugreport.sun.com/bugreport/crash.jsp
# The crash happened outside the Java Virtual Machine in native code.
# See problematic frame for where to report the bug.
#

---------------  T H R E A D  ---------------

Current thread (0x000000001449f800):  JavaThread "AWT-EventQueue-1" [_thread_in_native, id=4212, stack(0x0000000027ea0000,0x00000000281a0000)]

siginfo: ExceptionCode=0xc0000005, reading address 0x0000000000000000

Registers:
RAX=0x0000ce1ca5a7dd56, RBX=0x000000002819d530, RCX=0x0000000000000000, RDX=0x000000002819d540
RSP=0x000000002819d378, RBP=0x000000002819d550, RSI=0x00000007fa60a670, RDI=0x00000000ef7bdd45
R8 =0x0000000000000000, R9 =0x0000000000000000, R10=0x0000000018dc1661, R11=0x0000000000000000
R12=0x0000000000000000, R13=0x00000000185747dc, R14=0x000000002819d540, R15=0x000000001449f800
RIP=0x0000000009d66be0, EFLAGS=0x0000000000010206

Top of Stack: (sp=0x000000002819d378)
0x000000002819d378:   0000000009da817f 000000002819d3e0
0x000000002819d388:   0000000018006038 0000000018006038
0x000000002819d398:   0000000778090140 000000002819d3a0
0x000000002819d3a8:   000000001449f9d0 000000002819d3f8
0x000000002819d3b8:   fffffffffffffffe 0000000000000000
0x000000002819d3c8:   00000007f9291380 0000000000000000
0x000000002819d3d8:   000000002819d3f0 000000002819d440
0x000000002819d3e8:   00000000180069de 00000000180069de
0x000000002819d3f8:   000000077808b9e8 000000002819d400
0x000000002819d408:   00000007f88e9995 000000002819d460
0x000000002819d418:   00000007f88ea770 00000007f9b76cb8
0x000000002819d428:   00000007f88e99d0 0000000000000000
0x000000002819d438:   000000002819d460 000000002819d4b8
0x000000002819d448:   0000000018006038 000000077c415bf8
0x000000002819d458:   000000077808b9e8 00000007780532d0
0x000000002819d468:   0000000000000009 0000000000000000 

Instructions: (pc=0x0000000009d66be0)
0x0000000009d66bc0:   8a 81 a1 00 00 00 c3 cc cc cc cc cc cc cc cc cc
0x0000000009d66bd0:   8a 81 9b 00 00 00 c3 cc cc cc cc cc cc cc cc cc
0x0000000009d66be0:   48 8b 01 c3 cc cc cc cc cc cc cc cc cc cc cc cc
0x0000000009d66bf0:   40 53 48 83 ec 20 48 8b d9 84 d2 74 1e 48 8b 09 


Register to memory mapping:

RAX=0x0000ce1ca5a7dd56 is an unknown value
RBX=0x000000002819d530 is pointing into the stack for thread: 0x000000001449f800
RCX=0x0000000000000000 is an unknown value
RDX=0x000000002819d540 is pointing into the stack for thread: 0x000000001449f800
RSP=0x000000002819d378 is pointing into the stack for thread: 0x000000001449f800
RBP=0x000000002819d550 is pointing into the stack for thread: 0x000000001449f800
RSI=0x00000007fa60a670 is an oop
{method data} 
 - klass: {other class}
RDI=0x00000000ef7bdd45 is an unknown value
R8 =0x0000000000000000 is an unknown value
R9 =0x0000000000000000 is an unknown value
R10=0x0000000018dc1490 [CodeBlob (0x0000000018dc1490)]
Framesize: 14
R11=0x0000000000000000 is an unknown value
R12=0x0000000000000000 is an unknown value
R13=0x0000000018574610 [CodeBlob (0x0000000018574610)]
Framesize: 6
R14=0x000000002819d540 is pointing into the stack for thread: 0x000000001449f800
R15=0x000000001449f800 is a thread


Stack: [0x0000000027ea0000,0x00000000281a0000],  sp=0x000000002819d378,  free space=3060k
Native frames: (J=compiled Java code, j=interpreted, Vv=VM code, C=native code)
C  [librdi_filemgmt.dll+0x26be0]  HDDASrcAttrs::getType+0x0
J  ui.c.f.f.Z.cLn()I
j  ui.views.bH.aOx()V+52
j  ui.views.bH.aB(Lui/data/aC;)V+57
j  ui.views.aM.aB(Lui/data/aC;)V+59
J  ui.views.bH.a(Lui/frmwork/r;)V
j  ui.data.aF.bI(Ljava/lang/Object;)V+43
j  ui.data.aF.a(Ljava/util/Iterator;Ljava/lang/Object;)V+126
j  ui.h.aP.setSelectionPaths([Ljavax/swing/tree/TreePath;)V+60
j  javax.swing.tree.DefaultTreeSelectionModel.setSelectionPath(Ljavax/swing/tree/TreePath;)V+23
j  javax.swing.JTree.setSelectionPath(Ljavax/swing/tree/TreePath;)V+5
j  javax.swing.plaf.basic.BasicTreeUI.selectPathForEvent(Ljavax/swing/tree/TreePath;Ljava/awt/event/MouseEvent;)V+266
j  javax.swing.plaf.basic.BasicTreeUI$Handler.handleSelection(Ljava/awt/event/MouseEvent;)V+132
j  javax.swing.plaf.basic.BasicTreeUI$Handler.mousePressedDND(Ljava/awt/event/MouseEvent;)V+127
j  javax.swing.plaf.basic.BasicTreeUI$Handler.mousePressed(Ljava/awt/event/MouseEvent;)V+111

Java frames: (J=compiled Java code, j=interpreted, Vv=VM code)
J  ui.data.design.dai.HDDASrcAttrs_getType(J)J
J  ui.c.f.f.Z.cLn()I
j  ui.views.bH.avI()V+88
j  ui.views.bH.aOx()V+52
j  ui.views.bH.aB(Lui/data/aC;)V+57
j  ui.views.aM.aB(Lui/data/aC;)V+59
J  ui.views.bH.a(Lui/frmwork/r;)V
J  ui.views.aM.a(Lui/frmwork/r;)V
J  ui.frmwork.t.d(Lui/frmwork/r;)V
J  ui.frmwork.t.b(Lui/frmwork/r;)V
j  ui.data.aF.c(Lui/frmwork/r;)V+5
j  ui.data.aF.bI(Ljava/lang/Object;)V+43
j  ui.data.aF.a(Ljava/util/Iterator;Ljava/lang/Object;)V+126
j  ui.h.aP.setSelectionPaths([Ljavax/swing/tree/TreePath;)V+60
j  javax.swing.tree.DefaultTreeSelectionModel.setSelectionPath(Ljavax/swing/tree/TreePath;)V+23
j  javax.swing.JTree.setSelectionPath(Ljavax/swing/tree/TreePath;)V+5
j  javax.swing.plaf.basic.BasicTreeUI.selectPathForEvent(Ljavax/swing/tree/TreePath;Ljava/awt/event/MouseEvent;)V+266
j  javax.swing.plaf.basic.BasicTreeUI$Handler.handleSelection(Ljava/awt/event/MouseEvent;)V+132
j  javax.swing.plaf.basic.BasicTreeUI$Handler.mousePressedDND(Ljava/awt/event/MouseEvent;)V+127
j  javax.swing.plaf.basic.BasicTreeUI$Handler.mousePressed(Ljava/awt/event/MouseEvent;)V+111
J  java.awt.AWTEventMulticaster.mousePressed(Ljava/awt/event/MouseEvent;)V
J  java.awt.AWTEventMulticaster.mousePressed(Ljava/awt/event/MouseEvent;)V
J  java.awt.Component.processMouseEvent(Ljava/awt/event/MouseEvent;)V
J  ui.h.h.cR.processMouseEvent(Ljava/awt/event/MouseEvent;)V
J  java.awt.Container.processEvent(Ljava/awt/AWTEvent;)V
J  java.awt.Component.dispatchEventImpl(Ljava/awt/AWTEvent;)V
J  java.awt.Container.dispatchEventImpl(Ljava/awt/AWTEvent;)V
J  java.awt.LightweightDispatcher.retargetMouseEvent(Ljava/awt/Component;ILjava/awt/event/MouseEvent;)V
J  java.awt.LightweightDispatcher.processMouseEvent(Ljava/awt/event/MouseEvent;)Z
J  java.awt.Container.dispatchEventImpl(Ljava/awt/AWTEvent;)V
J  java.awt.Window.dispatchEventImpl(Ljava/awt/AWTEvent;)V
J  java.awt.EventQueue$3.run()Ljava/lang/Object;
v  ~StubRoutines::call_stub
J  java.security.AccessController.doPrivileged(Ljava/security/PrivilegedAction;Ljava/security/AccessControlContext;)Ljava/lang/Object;
J  java.security.ProtectionDomain$1.doIntersectionPrivilege(Ljava/security/PrivilegedAction;Ljava/security/AccessControlContext;Ljava/security/AccessControlContext;)Ljava/lang/Object;
J  java.awt.EventQueue$4.run()Ljava/lang/Object;
v  ~StubRoutines::call_stub
J  java.security.AccessController.doPrivileged(Ljava/security/PrivilegedAction;Ljava/security/AccessControlContext;)Ljava/lang/Object;
J  java.awt.EventQueue.dispatchEvent(Ljava/awt/AWTEvent;)V
J  java.awt.EventDispatchThread.pumpOneEventForFilters(I)Z
J  java.awt.EventDispatchThread.pumpEventsForFilter(ILjava/awt/Conditional;Ljava/awt/EventFilter;)V
j  java.awt.EventDispatchThread.pumpEventsForHierarchy(ILjava/awt/Conditional;Ljava/awt/Component;)V+11
j  java.awt.EventDispatchThread.pumpEvents(ILjava/awt/Conditional;)V+4
j  java.awt.EventDispatchThread.pumpEvents(Ljava/awt/Conditional;)V+3
j  java.awt.EventDispatchThread.run()V+9
v  ~StubRoutines::call_stub

---------------  P R O C E S S  ---------------

Java Threads: ( => current thread )
  0x000000002876c000 JavaThread "Image Fetcher 0" daemon [_thread_blocked, id=4180, stack(0x0000000032430000,0x0000000032730000)]
  0x000000002b719800 JavaThread "Swing-Shell" daemon [_thread_blocked, id=4356, stack(0x0000000031c30000,0x0000000031f30000)]
  0x000000002baed800 JavaThread "Monitor File Timestamp" [_thread_blocked, id=4428, stack(0x000000002a270000,0x000000002a570000)]
  0x000000002fa6a000 JavaThread "Monitor File Timestamp" [_thread_blocked, id=3996, stack(0x0000000031130000,0x0000000031430000)]
  0x000000002b57f800 JavaThread "hw_ila_monitor" [_thread_blocked, id=4368, stack(0x000000002f730000,0x000000002fa30000)]
  0x000000002b45a000 JavaThread "Update Runs" [_thread_blocked, id=4076, stack(0x00000000296a0000,0x00000000299a0000)]
  0x000000002b45d800 JavaThread "Refresh Filesets" [_thread_blocked, id=4720, stack(0x00000000293a0000,0x00000000296a0000)]
  0x000000002a971000 JavaThread "Monitor File Timestamp" [_thread_blocked, id=4864, stack(0x000000002b070000,0x000000002b370000)]
  0x0000000014493800 JavaThread "Process Messages" [_thread_blocked, id=2396, stack(0x00000000281a0000,0x00000000284a0000)]
=>0x000000001449f800 JavaThread "AWT-EventQueue-1" [_thread_in_native, id=4212, stack(0x0000000027ea0000,0x00000000281a0000)]
  0x0000000006046000 JavaThread "Thread-3" [_thread_in_native, id=2084, stack(0x0000000004180000,0x0000000005580000)]
  0x0000000027a26800 JavaThread "AWT-EventQueue-0" [_thread_blocked, id=4680, stack(0x0000000027aa0000,0x0000000027da0000)]
  0x00000000254e8000 JavaThread "AWT-Windows" daemon [_thread_in_native, id=1264, stack(0x0000000026c20000,0x0000000026f20000)]
  0x00000000254e9800 JavaThread "AWT-Shutdown" [_thread_blocked, id=3148, stack(0x0000000026920000,0x0000000026c20000)]
  0x00000000254e0800 JavaThread "Java2D Disposer" daemon [_thread_blocked, id=4172, stack(0x0000000026620000,0x0000000026920000)]
  0x00000000252c5000 JavaThread "TimerQueue" daemon [_thread_blocked, id=1616, stack(0x0000000026320000,0x0000000026620000)]
  0x00000000146b1800 JavaThread "Service Thread" daemon [_thread_blocked, id=1564, stack(0x0000000024cc0000,0x0000000024fc0000)]
  0x0000000014521800 JavaThread "C1 CompilerThread2" daemon [_thread_blocked, id=4532, stack(0x0000000024bc0000,0x0000000024cc0000)]
  0x0000000014790800 JavaThread "C2 CompilerThread1" daemon [_thread_blocked, id=4364, stack(0x0000000024ac0000,0x0000000024bc0000)]
  0x0000000014821000 JavaThread "C2 CompilerThread0" daemon [_thread_blocked, id=1056, stack(0x00000000249c0000,0x0000000024ac0000)]
  0x00000000147b1000 JavaThread "Attach Listener" daemon [_thread_blocked, id=3100, stack(0x00000000246c0000,0x00000000249c0000)]
  0x00000000147a1800 JavaThread "Signal Dispatcher" daemon [_thread_blocked, id=4948, stack(0x00000000243c0000,0x00000000246c0000)]
  0x0000000014762800 JavaThread "Surrogate Locker Thread (Concurrent GC)" daemon [_thread_blocked, id=4360, stack(0x00000000240c0000,0x00000000243c0000)]
  0x0000000014751800 JavaThread "Finalizer" daemon [_thread_blocked, id=120, stack(0x0000000023dc0000,0x00000000240c0000)]
  0x0000000014741800 JavaThread "Reference Handler" daemon [_thread_blocked, id=4760, stack(0x0000000023ac0000,0x0000000023dc0000)]
  0x000000001452c000 JavaThread "main" [_thread_blocked, id=3800, stack(0x0000000017ee0000,0x0000000017fe0000)]

Other Threads:
  0x0000000014733800 VMThread [stack: 0x00000000239c0000,0x0000000023ac0000] [id=5112]
  0x00000000239a7800 WatcherThread [stack: 0x0000000024fc0000,0x00000000250c0000] [id=1800]

VM state:not at safepoint (normal execution)

VM Mutex/Monitor currently owned by a thread: None

Heap
 par new generation   total 55296K, used 6136K [0x0000000778000000, 0x000000077bc00000, 0x000000077bc00000)
  eden space 49152K,   2% used [0x0000000778000000, 0x0000000778114be0, 0x000000077b000000)
  from space 6144K,  81% used [0x000000077b000000, 0x000000077b4e9580, 0x000000077b600000)
  to   space 6144K,   0% used [0x000000077b600000, 0x000000077b600000, 0x000000077bc00000)
 concurrent mark-sweep generation total 69632K, used 40163K [0x000000077bc00000, 0x0000000780000000, 0x00000007f8000000)
 concurrent-mark-sweep perm gen total 131072K, used 46043K [0x00000007f8000000, 0x0000000800000000, 0x0000000800000000)

Code Cache  [0x0000000018000000, 0x0000000019fe0000, 0x000000001e000000)
 total_blobs=8518 nmethods=7851 adapters=581 free_code_cache=65985Kb largest_free_block=67259072

Dynamic libraries:
0x0000000140000000 - 0x000000014000e000 	C:\Xilinx\14.1\ISE_DS\PlanAhead\bin\unwrapped\win64.o\planAhead.exe
0x00000000774e0000 - 0x0000000077689000 	C:\Windows\SYSTEM32\ntdll.dll
0x0000000077260000 - 0x000000007737f000 	C:\Windows\system32\kernel32.dll
0x000007fefdca0000 - 0x000007fefdd0b000 	C:\Windows\system32\KERNELBASE.dll
0x000000000a900000 - 0x000000000a945000 	C:\Xilinx\14.1\ISE_DS\PlanAhead\lib\win64.o\SHSMP64.dll
0x0000000077010000 - 0x000000007710a000 	C:\Windows\system32\USER32.dll
0x000007feff670000 - 0x000007feff6d7000 	C:\Windows\system32\GDI32.dll
0x000007feff5a0000 - 0x000007feff5ae000 	C:\Windows\system32\LPK.dll
0x000007feff200000 - 0x000007feff2c9000 	C:\Windows\system32\USP10.dll
0x000007feff160000 - 0x000007feff1ff000 	C:\Windows\system32\msvcrt.dll
0x000007feff6e0000 - 0x000007feff7bb000 	C:\Windows\system32\ADVAPI32.dll
0x000007fefefb0000 - 0x000007fefefcf000 	C:\Windows\SYSTEM32\sechost.dll
0x000007fefee00000 - 0x000007fefef2d000 	C:\Windows\system32\RPCRT4.dll
0x000007fefca40000 - 0x000007fefca4c000 	C:\Windows\system32\VERSION.dll
0x0000000180000000 - 0x0000000180011000 	C:\Xilinx\14.1\ISE_DS\PlanAhead\lib\win64.o\libboost_signals.dll
0x0000000000330000 - 0x000000000041e000 	C:\Xilinx\14.1\ISE_DS\PlanAhead\lib\win64.o\stlport.5.2.dll
0x0000000073560000 - 0x0000000073633000 	C:\Windows\WinSxS\amd64_microsoft.vc90.crt_1fc8b3b9a1e18e3b_9.0.30729.6161_none_08e61857a83bc251\MSVCP90.dll
0x00000000734b0000 - 0x0000000073553000 	C:\Windows\WinSxS\amd64_microsoft.vc90.crt_1fc8b3b9a1e18e3b_9.0.30729.6161_none_08e61857a83bc251\MSVCR90.dll
0x0000000000420000 - 0x0000000000b4b000 	C:\Xilinx\14.1\ISE_DS\PlanAhead\lib\win64.o\librdi_common.dll
0x0000000000b50000 - 0x0000000000cf5000 	C:\Xilinx\14.1\ISE_DS\PlanAhead\lib\win64.o\libSecurity.dll
0x000007fefafe0000 - 0x000007fefaff6000 	C:\Windows\system32\NETAPI32.dll
0x000007fefcdb0000 - 0x000007fefcdbc000 	C:\Windows\system32\netutils.dll
0x000007fefd3e0000 - 0x000007fefd403000 	C:\Windows\system32\srvcli.dll
0x000007fefafc0000 - 0x000007fefafd5000 	C:\Windows\system32\wkscli.dll
0x000007feff500000 - 0x000007feff597000 	C:\Windows\system32\COMDLG32.dll
0x000007fefefd0000 - 0x000007feff041000 	C:\Windows\system32\SHLWAPI.dll
0x000007fef1ec0000 - 0x000007fef1f60000 	C:\Windows\WinSxS\amd64_microsoft.windows.common-controls_6595b64144ccf1df_5.82.7601.17514_none_a4d6a923711520a9\COMCTL32.dll
0x000007fefdd10000 - 0x000007fefea98000 	C:\Windows\system32\SHELL32.dll
0x000007fefa730000 - 0x000007fefa739000 	C:\Windows\system32\WSOCK32.dll
0x000007feff4b0000 - 0x000007feff4fd000 	C:\Windows\system32\WS2_32.dll
0x000007fefedf0000 - 0x000007fefedf8000 	C:\Windows\system32\NSI.dll
0x00000000001b0000 - 0x00000000001bf000 	C:\Xilinx\14.1\ISE_DS\PlanAhead\lib\win64.o\libboost_date_time.dll
0x0000000000d10000 - 0x0000000000d32000 	C:\Xilinx\14.1\ISE_DS\PlanAhead\lib\win64.o\libboost_filesystem3.dll
0x0000000000d50000 - 0x0000000000d59000 	C:\Xilinx\14.1\ISE_DS\PlanAhead\lib\win64.o\libboost_system.dll
0x0000000000d70000 - 0x0000000000dc6000 	C:\Xilinx\14.1\ISE_DS\PlanAhead\lib\win64.o\libboost_program_options.dll
0x0000000000de0000 - 0x0000000000e6f000 	C:\Xilinx\14.1\ISE_DS\PlanAhead\lib\win64.o\libboost_regex.dll
0x0000000000e80000 - 0x0000000000e91000 	C:\Xilinx\14.1\ISE_DS\PlanAhead\lib\win64.o\libboost_thread.dll
0x0000000000eb0000 - 0x0000000000f42000 	C:\Xilinx\14.1\ISE_DS\PlanAhead\lib\win64.o\libhdlpsolve.dll
0x0000000000f60000 - 0x0000000001017000 	C:\Xilinx\14.1\ISE_DS\PlanAhead\lib\win64.o\libhdxml.dll
0x0000000001030000 - 0x0000000001a40a9b 	C:\Xilinx\14.1\ISE_DS\PlanAhead\lib\win64.o\libisl_iostreams.dll
0x0000000001a60000 - 0x0000000001a76000 	C:\Xilinx\14.1\ISE_DS\PlanAhead\lib\win64.o\libboost_iostreams.dll
0x0000000001a90000 - 0x0000000001aae000 	C:\Xilinx\14.1\ISE_DS\PlanAhead\lib\win64.o\librdizlib.dll
0x0000000001ac0000 - 0x0000000001ae7000 	C:\Xilinx\14.1\ISE_DS\PlanAhead\lib\win64.o\libisl_sysinfo.dll
0x0000000064610000 - 0x0000000064cea000 	C:\Xilinx\14.1\ISE_DS\PlanAhead\tps\win64\jre\bin\server\jvm.dll
0x000007fefb5f0000 - 0x000007fefb62b000 	C:\Windows\system32\WINMM.dll
0x00000000776b0000 - 0x00000000776b7000 	C:\Windows\system32\PSAPI.DLL
0x00000000733d0000 - 0x00000000734a2000 	C:\Windows\system32\MSVCR100.dll
0x0000000001b10000 - 0x0000000001b22000 	C:\Xilinx\14.1\ISE_DS\PlanAhead\lib\win64.o\pthreadVC.dll
0x0000000001b30000 - 0x0000000001b46000 	C:\Xilinx\14.1\ISE_DS\PlanAhead\lib\win64.o\librdiconfig.dll
0x0000000010000000 - 0x0000000010172000 	C:\Xilinx\14.1\ISE_DS\PlanAhead\lib\win64.o\tcl85t.dll
0x0000000070540000 - 0x0000000070609000 	C:\Windows\WinSxS\amd64_microsoft.vc80.crt_1fc8b3b9a1e18e3b_8.0.50727.6195_none_88e41e092fab0294\MSVCR80.dll
0x0000000012000000 - 0x0000000012282000 	C:\Xilinx\14.1\ISE_DS\PlanAhead\lib\win64.o\xerces-c_3_1.dll
0x0000000077380000 - 0x00000000774db000 	C:\Windows\system32\WININET.dll
0x00000000776a0000 - 0x00000000776a3000 	C:\Windows\system32\Normaliz.dll
0x0000000076e00000 - 0x0000000077010000 	C:\Windows\system32\iertutil.dll
0x0000000077110000 - 0x000000007725d000 	C:\Windows\system32\urlmon.dll
0x000007fefeaa0000 - 0x000007fefeca3000 	C:\Windows\system32\ole32.dll
0x000007fefed10000 - 0x000007fefede7000 	C:\Windows\system32\OLEAUT32.dll
0x000007fef9f00000 - 0x000007fef9f71000 	C:\Windows\system32\WINHTTP.dll
0x000007fef9e50000 - 0x000007fef9eb4000 	C:\Windows\system32\webio.dll
0x0000000001b80000 - 0x0000000001b92000 	C:\Xilinx\14.1\ISE_DS\PlanAhead\lib\win64.o\librdi_commonmain.dll
0x000007feff7c0000 - 0x000007feff7ee000 	C:\Windows\system32\IMM32.DLL
0x000007feff050000 - 0x000007feff159000 	C:\Windows\system32\MSCTF.dll
0x0000000005580000 - 0x0000000005812000 	C:\Xilinx\14.1\ISE_DS\PlanAhead\lib\win64.o\librdi_commontasks.dll
0x00000000063d0000 - 0x0000000006757000 	C:\Xilinx\14.1\ISE_DS\PlanAhead\lib\win64.o\librdi_coretasks.dll
0x0000000006760000 - 0x00000000068cd000 	C:\Xilinx\14.1\ISE_DS\PlanAhead\lib\win64.o\librdi_chipscope.dll
0x00000000068d0000 - 0x0000000007797000 	C:\Xilinx\14.1\ISE_DS\PlanAhead\lib\win64.o\librdi_constraints.dll
0x0000000003790000 - 0x0000000003798000 	C:\Xilinx\14.1\ISE_DS\PlanAhead\lib\win64.o\libpsta_dllwrapper.dll
0x00000000077a0000 - 0x00000000080cf000 	C:\Xilinx\14.1\ISE_DS\PlanAhead\lib\win64.o\librdi_device.dll
0x00000000039c0000 - 0x0000000003a2b000 	C:\Xilinx\14.1\ISE_DS\PlanAhead\lib\win64.o\libboost_serialization.dll
0x00000000080d0000 - 0x0000000008871000 	C:\Xilinx\14.1\ISE_DS\PlanAhead\lib\win64.o\libverific.dll
0x0000000008880000 - 0x0000000008c15000 	C:\Xilinx\14.1\ISE_DS\PlanAhead\lib\win64.o\librdi_netlist.dll
0x000000000a950000 - 0x000000000df0d000 	C:\Xilinx\14.1\ISE_DS\PlanAhead\lib\win64.o\librdi_designutils.dll
0x0000000008c20000 - 0x0000000009131000 	C:\Xilinx\14.1\ISE_DS\PlanAhead\lib\win64.o\librdi_xdm.dll
0x0000000009140000 - 0x00000000093cd000 	C:\Xilinx\14.1\ISE_DS\PlanAhead\lib\win64.o\librdi_drc.dll
0x00000000093d0000 - 0x0000000009c24000 	C:\Xilinx\14.1\ISE_DS\PlanAhead\lib\win64.o\librdi_timing.dll
0x0000000009c30000 - 0x0000000009d40000 	C:\Xilinx\14.1\ISE_DS\PlanAhead\lib\win64.o\librdi_dlyest.dll
0x0000000003ac0000 - 0x0000000003b50000 	C:\Xilinx\14.1\ISE_DS\PlanAhead\lib\win64.o\libise.dll
0x0000000009d40000 - 0x0000000009f94000 	C:\Xilinx\14.1\ISE_DS\PlanAhead\lib\win64.o\librdi_filemgmt.dll
0x0000000009fa0000 - 0x000000000a00a000 	C:\Xilinx\14.1\ISE_DS\PlanAhead\lib\win64.o\liblmx.dll
0x000000000df10000 - 0x000000000ef7e000 	C:\Xilinx\14.1\ISE_DS\PlanAhead\lib\win64.o\librdi_place.dll
0x000000000a010000 - 0x000000000a5ec000 	C:\Xilinx\14.1\ISE_DS\PlanAhead\lib\win64.o\librdi_abc_nomp.dll
0x0000000003b50000 - 0x0000000003b6a000 	C:\Xilinx\14.1\ISE_DS\PlanAhead\lib\win64.o\librdi_hmetis.dll
0x000000000ef80000 - 0x000000000f307000 	C:\Xilinx\14.1\ISE_DS\PlanAhead\lib\win64.o\librdi_power.dll
0x000000000f310000 - 0x000000000f74b000 	C:\Xilinx\14.1\ISE_DS\PlanAhead\lib\win64.o\librdi_route.dll
0x000000000f750000 - 0x000000000fa9c000 	C:\Xilinx\14.1\ISE_DS\PlanAhead\lib\win64.o\librdi_project.dll
0x0000000010180000 - 0x0000000010fcb000 	C:\Xilinx\14.1\ISE_DS\PlanAhead\lib\win64.o\librdi_coregen.dll
0x000000000a600000 - 0x000000000a66e000 	C:\Xilinx\14.1\ISE_DS\PlanAhead\lib\win64.o\liblmx6.0.dll
0x0000000010fd0000 - 0x000000001177d000 	C:\Xilinx\14.1\ISE_DS\PlanAhead\lib\win64.o\librdi_coregenipxact.dll
0x0000000011780000 - 0x0000000011ce1000 	C:\Xilinx\14.1\ISE_DS\PlanAhead\lib\win64.o\librdi_memdata.dll
0x000000000faa0000 - 0x000000000febd000 	C:\Xilinx\14.1\ISE_DS\PlanAhead\lib\win64.o\librdi_rsb.dll
0x0000000011cf0000 - 0x0000000011f89000 	C:\Xilinx\14.1\ISE_DS\PlanAhead\lib\win64.o\librdi_runs.dll
0x0000000012290000 - 0x000000001387d000 	C:\Xilinx\14.1\ISE_DS\PlanAhead\lib\win64.o\librdi_synth.dll
0x000000000a6d0000 - 0x000000000a6f0000 	C:\Xilinx\14.1\ISE_DS\PlanAhead\lib\win64.o\librdi_ip.dll
0x0000000014880000 - 0x000000001682c000 	C:\Xilinx\14.1\ISE_DS\PlanAhead\lib\win64.o\librdi_tcltasks.dll
0x0000000016830000 - 0x0000000016a5d000 	C:\Xilinx\14.1\ISE_DS\PlanAhead\lib\win64.o\librdi_bitstream.dll
0x0000000011fb0000 - 0x0000000011fe3000 	C:\Xilinx\14.1\ISE_DS\PlanAhead\lib\win64.o\librdi_dsp.dll
0x0000000016a60000 - 0x0000000016acc000 	C:\Xilinx\14.1\ISE_DS\PlanAhead\lib\win64.o\librdi_edk.dll
0x0000000016ae0000 - 0x0000000016b71000 	C:\Xilinx\14.1\ISE_DS\PlanAhead\lib\win64.o\librdi_simdata.dll
0x0000000016b90000 - 0x0000000017004000 	C:\Xilinx\14.1\ISE_DS\PlanAhead\lib\win64.o\librdi_wavedata.dll
0x0000000017020000 - 0x0000000017a64000 	C:\Xilinx\14.1\ISE_DS\PlanAhead\lib\win64.o\librdi_coregentasks.dll
0x0000000017d80000 - 0x0000000017ecc000 	C:\Xilinx\14.1\ISE_DS\PlanAhead\lib\win64.o\librdi_planaheadtasks.dll
0x0000000074bd0000 - 0x0000000074bdf000 	C:\Xilinx\14.1\ISE_DS\PlanAhead\tps\win64\jre\bin\verify.dll
0x0000000074ba0000 - 0x0000000074bc8000 	C:\Xilinx\14.1\ISE_DS\PlanAhead\tps\win64\jre\bin\java.dll
0x0000000074b80000 - 0x0000000074b95000 	C:\Xilinx\14.1\ISE_DS\PlanAhead\tps\win64\jre\bin\zip.dll
0x0000000074b60000 - 0x0000000074b79000 	C:\Xilinx\14.1\ISE_DS\PlanAhead\tps\win64\jre\bin\net.dll
0x000007fefd170000 - 0x000007fefd1c5000 	C:\Windows\system32\mswsock.dll
0x000007fefd160000 - 0x000007fefd167000 	C:\Windows\System32\wship6.dll
0x0000000074b40000 - 0x0000000074b51000 	C:\Xilinx\14.1\ISE_DS\PlanAhead\tps\win64\jre\bin\nio.dll
0x00000000255e0000 - 0x0000000025818000 	C:\Xilinx\14.1\ISE_DS\PlanAhead\lib\win64.o\librdi_fed.dll
0x0000000025830000 - 0x00000000259ca000 	C:\Xilinx\14.1\ISE_DS\PlanAhead\lib\win64.o\librdi_labtools.dll
0x00000000259e0000 - 0x0000000025aed000 	C:\Xilinx\14.1\ISE_DS\PlanAhead\lib\win64.o\librdi_guitools.dll
0x0000000025b00000 - 0x0000000025b07000 	C:\Xilinx\14.1\ISE_DS\PlanAhead\lib\win64.o\librdi_commonx11.dll
0x0000000025b20000 - 0x0000000025e5c000 	C:\Xilinx\14.1\ISE_DS\PlanAhead\lib\win64.o\librdi_rsbtasks.dll
0x0000000025e70000 - 0x00000000260b3000 	C:\Xilinx\14.1\ISE_DS\PlanAhead\lib\win64.o\librdi_labtoolstasks.dll
0x00000000260d0000 - 0x0000000026227000 	C:\Xilinx\14.1\ISE_DS\PlanAhead\lib\win64.o\librdi_simtcltasks.dll
0x00000000686d0000 - 0x0000000068864000 	C:\Xilinx\14.1\ISE_DS\PlanAhead\tps\win64\jre\bin\awt.dll
0x000007fefc090000 - 0x000007fefc0e6000 	C:\Windows\system32\uxtheme.dll
0x000007fefbbe0000 - 0x000007fefbbf8000 	C:\Windows\system32\dwmapi.dll
0x000007fefd830000 - 0x000007fefd83f000 	C:\Windows\system32\CRYPTBASE.dll
0x000007fefd1d0000 - 0x000007fefd1e7000 	C:\Windows\system32\CRYPTSP.dll
0x000007fefced0000 - 0x000007fefcf17000 	C:\Windows\system32\rsaenh.dll
0x000007fefcc30000 - 0x000007fefcc4e000 	C:\Windows\system32\USERENV.dll
0x000007fefd940000 - 0x000007fefd94f000 	C:\Windows\system32\profapi.dll
0x000007fefb8e0000 - 0x000007fefb8f5000 	C:\Windows\system32\NLAapi.dll
0x000007fefa660000 - 0x000007fefa675000 	C:\Windows\system32\napinsp.dll
0x000007fefa680000 - 0x000007fefa699000 	C:\Windows\system32\pnrpnsp.dll
0x000007fefcff0000 - 0x000007fefd04b000 	C:\Windows\system32\DNSAPI.dll

VM Arguments:
jvm_args: -Dsun.java2d.pmoffscreen=false -Xverify:none -Dswing.aatext=true -XX:-UsePerfData -XX:PermSize=128m -XX:MaxPermSize=128m -XX:NewSize=60m -XX:MaxNewSize=60m -XX:+UseConcMarkSweepGC -XX:+UseParNewGC -XX:+CMSParallelRemarkEnabled -XX:+CMSScavengeBeforeRemark -XX:+UseNUMA -XX:+AggressiveOpts -XX:+UseFastAccessorMethods -XX:+UseFastEmptyMethods -XX:+UseBiasedLocking -XX:+TieredCompilation -Xms128m -Xmx2048m -Xss3m 
java_command: <unknown>
Launcher Type: generic

Environment Variables:
PATH=C:/Xilinx/14.1/ISE_DS/PlanAhead/bin;C:/Xilinx/14.1/ISE_DS/PlanAhead/lib/win64.o;C:/Xilinx/14.1/ISE_DS/PlanAhead/tps/win64/jre/bin/server;C:/Xilinx/14.1/ISE_DS/PlanAhead/tps/win64/jre/bin;C:/Xilinx/14.1/ISE_DS/EDK/bin/nt64;C:/Xilinx/14.1/ISE_DS/EDK/lib/nt64;C:/Xilinx/14.1/ISE_DS/ISE/bin/nt64;C:/Xilinx/14.1/ISE_DS/ISE/lib/nt64;C:/Xilinx/14.1/ISE_DS/common/bin/nt64;C:/Xilinx/14.1/ISE_DS/common/lib/nt64;C:\ProgramData\Oracle\Java\javapath;C:\Program Files\Common Files\Microsoft Shared\Windows Live;C:\Program Files (x86)\Common Files\Microsoft Shared\Windows Live;C:\Program Files (x86)\SPSSInc\PASWModeler13\bin\;C:\Program Files (x86)\Haskell Platform\2011.4.0.0\lib\extralibs\bin;C:\Program Files (x86)\Haskell Platform\2011.4.0.0\bin;C:\Windows\system32;C:\Windows;C:\Windows\System32\Wbem;C:\Windows\System32\WindowsPowerShell\v1.0\;C:\Program Files\Intel\DMIX;C:\Program Files (x86)\Windows Live\Shared;C:\Program Files\MATLAB\R2010a\runtime\win64;C:\Program Files\MATLAB\R2010a\bin;C:\Program Files (x86)\Git\cmd;C:\Program Files (x86)\WinSCP\;C:\texlive\2012\bin\win32;C:\Program Files\TortoiseSVN\bin;C:\Program Files (x86)\MATLAB\MATLAB Compiler Runtime\v715\runtime\win32
USERNAME=azure
OS=Windows_NT
PROCESSOR_IDENTIFIER=Intel64 Family 6 Model 42 Stepping 7, GenuineIntel



---------------  S Y S T E M  ---------------

OS: Windows 7 , 64 bit Build 7601 Service Pack 1

CPU:total 4 (4 cores per cpu, 1 threads per core) family 6 model 42 stepping 7, cmov, cx8, fxsr, mmx, sse, sse2, sse3, ssse3, sse4.1, sse4.2, popcnt

Memory: 4k page, physical 8293800k(5882148k free), swap 16585744k(13795844k free)

vm_info: Java HotSpot(TM) 64-Bit Server VM (22.0-b10) for windows-amd64 JRE (1.7.0_02-b13), built on Nov 17 2011 13:51:15 by "java_re" with unknown MS VC++:1600

time: Fri Jun 24 11:09:50 2016
elapsed time: 1373 seconds

