#-----------------------------------------------------------
# PlanAhead v14.1 (64-bit)
# Build 179419 by xbuild on Thu Apr 26 11:43:29 MDT 2012
# Start of session at: Fri Jun 24 11:12:01 2016
# Process ID: 2400
# Log file: C:\Users\azure\Desktop\MS_final\planAhead.log
# Journal file: C:\Users\azure\Desktop\MS_final\planAhead.jou
#-----------------------------------------------------------
INFO: [Device-36] Loading parts and site information from C:/Xilinx/14.1/ISE_DS/PlanAhead/data/parts/arch.xml
Parsing RTL primitives file [C:/Xilinx/14.1/ISE_DS/PlanAhead/data/parts/xilinx/rtl/prims/rtl_prims.xml]
Finished parsing RTL primitives file [C:/Xilinx/14.1/ISE_DS/PlanAhead/data/parts/xilinx/rtl/prims/rtl_prims.xml]
start_gui
open_project {C:\Users\azure\Desktop\MS_final\MS_final.ppr}
Scanning sources...
Finished scanning sources
Parsing template File [C:/Xilinx/14.1/ISE_DS/ISE\data\projnav\templates\verilog.xml].
Finished parsing template File [C:/Xilinx/14.1/ISE_DS/ISE\data\projnav\templates\verilog.xml].
Parsing template File [C:/Xilinx/14.1/ISE_DS/ISE\data\projnav\templates\vhdl.xml].
Finished parsing template File [C:/Xilinx/14.1/ISE_DS/ISE\data\projnav\templates\vhdl.xml].
Parsing template File [C:/Xilinx/14.1/ISE_DS/ISE\data\projnav\templates\ucf.xml].
Finished parsing template File [C:/Xilinx/14.1/ISE_DS/ISE\data\projnav\templates\ucf.xml].
add_files -norecurse C:/Users/azure/Desktop/MS_final/MS_final.srcs/sources_1/imports/facu/DispositivosInOut/shifter/ControladorShifter.v
remove_files C:/Users/azure/Desktop/MS_final/MS_final.srcs/sources_1/imports/facu/DispositivosInOut/ControladorSSEG.v
add_files -norecurse {C:/Users/azure/Desktop/MS_final/MS_final.srcs/sources_1/imports/facu/DispositivosInOut/sseg/ControladorSSEG.v C:/Users/azure/Desktop/MS_final/MS_final.srcs/sources_1/imports/facu/DispositivosInOut/sseg/disp_mux.v C:/Users/azure/Desktop/MS_final/MS_final.srcs/sources_1/imports/facu/DispositivosInOut/sseg/hex_to_sseg.v}
reset_run synth_1
launch_runs synth_1
[Fri Jun 24 11:16:34 2016] Launched synth_1...
Run output will be captured here: C:/Users/azure/Desktop/MS_final/MS_final.runs/synth_1/runme.log
reset_run synth_1
launch_runs synth_1
[Fri Jun 24 11:20:27 2016] Launched synth_1...
Run output will be captured here: C:/Users/azure/Desktop/MS_final/MS_final.runs/synth_1/runme.log
reset_run synth_1
launch_runs synth_1
[Fri Jun 24 11:22:38 2016] Launched synth_1...
Run output will be captured here: C:/Users/azure/Desktop/MS_final/MS_final.runs/synth_1/runme.log
reset_run synth_1
launch_runs synth_1
[Fri Jun 24 11:23:03 2016] Launched synth_1...
Run output will be captured here: C:/Users/azure/Desktop/MS_final/MS_final.runs/synth_1/runme.log
reset_run synth_1
launch_runs synth_1
[Fri Jun 24 11:24:21 2016] Launched synth_1...
Run output will be captured here: C:/Users/azure/Desktop/MS_final/MS_final.runs/synth_1/runme.log
reset_run synth_1
launch_runs synth_1
[Fri Jun 24 11:26:21 2016] Launched synth_1...
Run output will be captured here: C:/Users/azure/Desktop/MS_final/MS_final.runs/synth_1/runme.log
reset_run synth_1
launch_runs synth_1
[Fri Jun 24 11:27:09 2016] Launched synth_1...
Run output will be captured here: C:/Users/azure/Desktop/MS_final/MS_final.runs/synth_1/runme.log
exit
INFO: [Common-206] Exiting PlanAhead...
INFO: [Common-83] Releasing license: PlanAhead
